
AVRA   Ver. 1.3.0 exemple3.asm Wed Jun 15 16:25:21 2016


         ; Escriu l’abecedari
         ; Neteja els registres 0 i 18.
C:000000 2400      EOR R0, R0 ; R0 = 0
C:000001 2722      EOR R18, R18 ; R18 = 0
          LAB1:
         ; Carrega el nombre d'iteracions, 26, al registre 19
C:000002 e13a      LDI R19, 26
         ; Carrega la base del codi ASCII al registre 17
C:000003 e411      LDI R17, 65
         ; Suma el valor del registre 0 al del registre 17
C:000004 1d10      ADC R17, R0
         ; Escriu el caracter de codi ASCII guardat al registre 17 per pantalla
C:000005 b912      OUT 2, R17
         ; Augmentem en una unitat el valor guardat al registre 18 i el copiem al registre 0
C:000006 5f2f      SUBI R18, -1
C:000007 2e02      MOV R0, R18
         ; Mentre el valor del registre 0 sigui diferent al nombre d'iteracions, repetim el procés
C:000008 1930      SUB R19, R0
C:000009 f7c1      BRBC 1, LAB1
         ; Els registres queden de la següent manera: r0:0x1A, r17:0x5A, r18:0x1A, r19:0, carry:0, zero:1, neg:0
C:00000a 9598      BREAK


Segment usage:
   Code      :        11 words (22 bytes)
   Data      :         0 bytes
   EEPROM    :         0 bytes

Assembly completed with no errors.
