
AVRA   Ver. 1.3.0 exemple7.asm Wed Jun 15 17:37:10 2016


         ; Compta fins al nombre corresponent al codi del caràcter ASCII introduït
         ; LLegeix un caràcter del teclat i en guarda el codi al registre 16
C:000000 2711      EOR r17, r17
C:000001 b100      IN r16, 0
          REPEAT1:
         ; Augmenta el valor del registre 17 en una unitat	
C:000002 5f1f      SUBI r17, -1
         ; Imprimeix per pantalla el valor decimal contingut al registre 17
C:000003 b910      OUT 0, r17
         ; Copia el valor del registre 17 al registre 18 i li resta el valor del codi
C:000004 2f21      MOV r18, r17
C:000005 1b20      SUB r18, r16
         ; Mentre el valor del registre 18 (o del 17) sigui diferent del codi, continua comptant
C:000006 f7d9      BRBC 1, REPEAT1
         ; Els registres queden de la següent manera: r16:x, r17:x, r18:0
         ; On x és el codi ASCII del caràcter introduït
C:000007 9598      BREAK
         	
         	


Segment usage:
   Code      :         8 words (16 bytes)
   Data      :         0 bytes
   EEPROM    :         0 bytes

Assembly completed with no errors.
